01-May-2021 13:55:20.560 INFO [main] org.apache.catalina.startup.VersionLoggerListener.log Server version name:   Apache Tomcat/9.0.45
01-May-2021 13:55:20.567 INFO [main] org.apache.catalina.startup.VersionLoggerListener.log Server built:          Mar 30 2021 10:29:04 UTC
01-May-2021 13:55:20.567 INFO [main] org.apache.catalina.startup.VersionLoggerListener.log Server version number: 9.0.45.0
01-May-2021 13:55:20.569 INFO [main] org.apache.catalina.startup.VersionLoggerListener.log OS Name:               Linux
01-May-2021 13:55:20.569 INFO [main] org.apache.catalina.startup.VersionLoggerListener.log OS Version:            4.19.121-linuxkit
01-May-2021 13:55:20.569 INFO [main] org.apache.catalina.startup.VersionLoggerListener.log Architecture:          amd64
01-May-2021 13:55:20.569 INFO [main] org.apache.catalina.startup.VersionLoggerListener.log Java Home:             /usr/lib/jvm/java-1.8.0-openjdk-1.8.0.292.b10-1.el7_9.x86_64/jre
01-May-2021 13:55:20.570 INFO [main] org.apache.catalina.startup.VersionLoggerListener.log JVM Version:           1.8.0_292-b10
01-May-2021 13:55:20.570 INFO [main] org.apache.catalina.startup.VersionLoggerListener.log JVM Vendor:            Red Hat, Inc.
01-May-2021 13:55:20.570 INFO [main] org.apache.catalina.startup.VersionLoggerListener.log CATALINA_BASE:         /opt/apache-tomcat-9.0.45
01-May-2021 13:55:20.572 INFO [main] org.apache.catalina.startup.VersionLoggerListener.log CATALINA_HOME:         /opt/apache-tomcat-9.0.45
01-May-2021 13:55:20.584 INFO [main] org.apache.catalina.startup.VersionLoggerListener.log Command line argument: -Djava.util.logging.config.file=/opt/apache-tomcat-9.0.45/conf/logging.properties
01-May-2021 13:55:20.590 INFO [main] org.apache.catalina.startup.VersionLoggerListener.log Command line argument: -Djava.util.logging.manager=org.apache.juli.ClassLoaderLogManager
01-May-2021 13:55:20.594 INFO [main] org.apache.catalina.startup.VersionLoggerListener.log Command line argument: -Djdk.tls.ephemeralDHKeySize=2048
01-May-2021 13:55:20.597 INFO [main] org.apache.catalina.startup.VersionLoggerListener.log Command line argument: -Djava.protocol.handler.pkgs=org.apache.catalina.webresources
01-May-2021 13:55:20.597 INFO [main] org.apache.catalina.startup.VersionLoggerListener.log Command line argument: -Dorg.apache.catalina.security.SecurityListener.UMASK=0027
01-May-2021 13:55:20.597 INFO [main] org.apache.catalina.startup.VersionLoggerListener.log Command line argument: -Dignore.endorsed.dirs=
01-May-2021 13:55:20.598 INFO [main] org.apache.catalina.startup.VersionLoggerListener.log Command line argument: -Dcatalina.base=/opt/apache-tomcat-9.0.45
01-May-2021 13:55:20.598 INFO [main] org.apache.catalina.startup.VersionLoggerListener.log Command line argument: -Dcatalina.home=/opt/apache-tomcat-9.0.45
01-May-2021 13:55:20.600 INFO [main] org.apache.catalina.startup.VersionLoggerListener.log Command line argument: -Djava.io.tmpdir=/opt/apache-tomcat-9.0.45/temp
01-May-2021 13:55:20.610 INFO [main] org.apache.catalina.core.AprLifecycleListener.lifecycleEvent The Apache Tomcat Native library which allows using OpenSSL was not found on the java.library.path: [/usr/java/packages/lib/amd64:/usr/lib64:/lib64:/lib:/usr/lib]
01-May-2021 13:55:21.748 INFO [main] org.apache.coyote.AbstractProtocol.init Initializing ProtocolHandler ["http-nio-8080"]
01-May-2021 13:55:21.852 INFO [main] org.apache.catalina.startup.Catalina.load Server initialization in [1713] milliseconds
01-May-2021 13:55:21.929 INFO [main] org.apache.catalina.core.StandardService.startInternal Starting service [Catalina]
01-May-2021 13:55:21.932 INFO [main] org.apache.catalina.core.StandardEngine.startInternal Starting Servlet engine: [Apache Tomcat/9.0.45]
01-May-2021 13:55:21.957 INFO [main] org.apache.catalina.startup.HostConfig.deployDirectory Deploying web application directory [/opt/apache-tomcat-9.0.45/webapps/manager]
01-May-2021 13:55:22.826 INFO [main] org.apache.catalina.startup.HostConfig.deployDirectory Deployment of web application directory [/opt/apache-tomcat-9.0.45/webapps/manager] has finished in [868] ms
01-May-2021 13:55:22.827 INFO [main] org.apache.catalina.startup.HostConfig.deployDirectory Deploying web application directory [/opt/apache-tomcat-9.0.45/webapps/docs]
01-May-2021 13:55:22.906 INFO [main] org.apache.catalina.startup.HostConfig.deployDirectory Deployment of web application directory [/opt/apache-tomcat-9.0.45/webapps/docs] has finished in [78] ms
01-May-2021 13:55:22.910 INFO [main] org.apache.catalina.startup.HostConfig.deployDirectory Deploying web application directory [/opt/apache-tomcat-9.0.45/webapps/examples]
01-May-2021 13:55:23.654 INFO [main] org.apache.catalina.startup.HostConfig.deployDirectory Deployment of web application directory [/opt/apache-tomcat-9.0.45/webapps/examples] has finished in [745] ms
01-May-2021 13:55:23.660 INFO [main] org.apache.catalina.startup.HostConfig.deployDirectory Deploying web application directory [/opt/apache-tomcat-9.0.45/webapps/ROOT]
01-May-2021 13:55:23.712 INFO [main] org.apache.catalina.startup.HostConfig.deployDirectory Deployment of web application directory [/opt/apache-tomcat-9.0.45/webapps/ROOT] has finished in [52] ms
01-May-2021 13:55:23.718 INFO [main] org.apache.catalina.startup.HostConfig.deployDirectory Deploying web application directory [/opt/apache-tomcat-9.0.45/webapps/host-manager]
01-May-2021 13:55:23.785 INFO [main] org.apache.catalina.startup.HostConfig.deployDirectory Deployment of web application directory [/opt/apache-tomcat-9.0.45/webapps/host-manager] has finished in [66] ms
01-May-2021 13:55:23.794 INFO [main] org.apache.coyote.AbstractProtocol.start Starting ProtocolHandler ["http-nio-8080"]
01-May-2021 13:55:23.829 INFO [main] org.apache.catalina.startup.Catalina.start Server startup in [1976] milliseconds
